<?xml version="1.0" encoding="UTF-8"?>
<testsuite name="test.ExamApplicationTests" tests="1" skipped="0" failures="0" errors="0" timestamp="2021-10-20T08:35:00" hostname="lwy-NH50-70RA" time="0.539">
  <properties/>
  <testcase name="test()" classname="test.ExamApplicationTests" time="0.539"/>
  <system-out><![CDATA[16:34:58.663 [Test worker] DEBUG org.springframework.test.context.BootstrapUtils - Instantiating CacheAwareContextLoaderDelegate from class [org.springframework.test.context.cache.DefaultCacheAwareContextLoaderDelegate]
16:34:58.672 [Test worker] DEBUG org.springframework.test.context.BootstrapUtils - Instantiating BootstrapContext using constructor [public org.springframework.test.context.support.DefaultBootstrapContext(java.lang.Class,org.springframework.test.context.CacheAwareContextLoaderDelegate)]
16:34:58.696 [Test worker] DEBUG org.springframework.test.context.BootstrapUtils - Instantiating TestContextBootstrapper for test class [test.ExamApplicationTests] from class [org.springframework.boot.test.context.SpringBootTestContextBootstrapper]
16:34:58.704 [Test worker] INFO org.springframework.boot.test.context.SpringBootTestContextBootstrapper - Neither @ContextConfiguration nor @ContextHierarchy found for test class [test.ExamApplicationTests], using SpringBootContextLoader
16:34:58.706 [Test worker] DEBUG org.springframework.test.context.support.AbstractContextLoader - Did not detect default resource location for test class [test.ExamApplicationTests]: class path resource [test/ExamApplicationTests-context.xml] does not exist
16:34:58.706 [Test worker] DEBUG org.springframework.test.context.support.AbstractContextLoader - Did not detect default resource location for test class [test.ExamApplicationTests]: class path resource [test/ExamApplicationTestsContext.groovy] does not exist
16:34:58.706 [Test worker] INFO org.springframework.test.context.support.AbstractContextLoader - Could not detect default resource locations for test class [test.ExamApplicationTests]: no resource found for suffixes {-context.xml, Context.groovy}.
16:34:58.736 [Test worker] DEBUG org.springframework.test.context.support.ActiveProfilesUtils - Could not find an 'annotation declaring class' for annotation type [org.springframework.test.context.ActiveProfiles] and class [test.ExamApplicationTests]
16:34:58.821 [Test worker] DEBUG org.springframework.boot.test.context.SpringBootTestContextBootstrapper - @TestExecutionListeners is not present for class [test.ExamApplicationTests]: using defaults.
16:34:58.822 [Test worker] INFO org.springframework.boot.test.context.SpringBootTestContextBootstrapper - Loaded default TestExecutionListener class names from location [META-INF/spring.factories]: [org.springframework.boot.test.autoconfigure.restdocs.RestDocsTestExecutionListener, org.springframework.boot.test.autoconfigure.web.client.MockRestServiceServerResetTestExecutionListener, org.springframework.boot.test.autoconfigure.web.servlet.MockMvcPrintOnlyOnFailureTestExecutionListener, org.springframework.boot.test.autoconfigure.web.servlet.WebDriverTestExecutionListener, org.springframework.boot.test.autoconfigure.webservices.client.MockWebServiceServerTestExecutionListener, org.springframework.boot.test.mock.mockito.MockitoTestExecutionListener, org.springframework.boot.test.mock.mockito.ResetMocksTestExecutionListener, org.springframework.test.context.web.ServletTestExecutionListener, org.springframework.test.context.support.DirtiesContextBeforeModesTestExecutionListener, org.springframework.test.context.event.ApplicationEventsTestExecutionListener, org.springframework.test.context.support.DependencyInjectionTestExecutionListener, org.springframework.test.context.support.DirtiesContextTestExecutionListener, org.springframework.test.context.transaction.TransactionalTestExecutionListener, org.springframework.test.context.jdbc.SqlScriptsTestExecutionListener, org.springframework.test.context.event.EventPublishingTestExecutionListener]
16:34:58.832 [Test worker] INFO org.springframework.boot.test.context.SpringBootTestContextBootstrapper - Using TestExecutionListeners: [org.springframework.test.context.web.ServletTestExecutionListener@137e9847, org.springframework.test.context.support.DirtiesContextBeforeModesTestExecutionListener@5cfabda, org.springframework.test.context.event.ApplicationEventsTestExecutionListener@1f8c4c02, org.springframework.boot.test.mock.mockito.MockitoTestExecutionListener@1d423273, org.springframework.boot.test.autoconfigure.SpringBootDependencyInjectionTestExecutionListener@7a192d3c, org.springframework.test.context.support.DirtiesContextTestExecutionListener@270d8de, org.springframework.test.context.transaction.TransactionalTestExecutionListener@7fe168ce, org.springframework.test.context.jdbc.SqlScriptsTestExecutionListener@733c1ceb, org.springframework.test.context.event.EventPublishingTestExecutionListener@407faf7d, org.springframework.boot.test.autoconfigure.restdocs.RestDocsTestExecutionListener@444d3984, org.springframework.boot.test.autoconfigure.web.client.MockRestServiceServerResetTestExecutionListener@309e9edb, org.springframework.boot.test.autoconfigure.web.servlet.MockMvcPrintOnlyOnFailureTestExecutionListener@23d61767, org.springframework.boot.test.autoconfigure.web.servlet.WebDriverTestExecutionListener@1e6f5027, org.springframework.boot.test.autoconfigure.webservices.client.MockWebServiceServerTestExecutionListener@3343db77, org.springframework.boot.test.mock.mockito.ResetMocksTestExecutionListener@776ff382]
16:34:58.834 [Test worker] DEBUG org.springframework.test.context.support.AbstractDirtiesContextTestExecutionListener - Before test class: context [DefaultTestContext@79d31003 testClass = ExamApplicationTests, testInstance = [null], testMethod = [null], testException = [null], mergedContextConfiguration = [WebMergedContextConfiguration@67528d10 testClass = ExamApplicationTests, locations = '{}', classes = '{class kaoshipingtai.ExamApplication}', contextInitializerClasses = '[]', activeProfiles = '{}', propertySourceLocations = '{}', propertySourceProperties = '{org.springframework.boot.test.context.SpringBootTestContextBootstrapper=true}', contextCustomizers = set[org.springframework.boot.test.autoconfigure.actuate.metrics.MetricsExportContextCustomizerFactory$DisableMetricExportContextCustomizer@318ceced, org.springframework.boot.test.autoconfigure.properties.PropertyMappingContextCustomizer@0, org.springframework.boot.test.autoconfigure.web.servlet.WebDriverContextCustomizerFactory$Customizer@493a552f, org.springframework.boot.test.context.filter.ExcludeFilterContextCustomizer@7ae06a89, org.springframework.boot.test.json.DuplicateJsonObjectContextCustomizerFactory$DuplicateJsonObjectContextCustomizer@6a91dc47, org.springframework.boot.test.mock.mockito.MockitoContextCustomizer@0, org.springframework.boot.test.web.client.TestRestTemplateContextCustomizer@1d05cdf, org.springframework.boot.test.context.SpringBootTestArgs@1, org.springframework.boot.test.context.SpringBootTestWebEnvironment@784a7e85], resourceBasePath = 'src/main/webapp', contextLoader = 'org.springframework.boot.test.context.SpringBootContextLoader', parent = [null]], attributes = map['org.springframework.test.context.web.ServletTestExecutionListener.activateListener' -> true]], class annotated with @DirtiesContext [false] with mode [null].
16:34:58.857 [Test worker] DEBUG org.springframework.test.context.support.TestPropertySourceUtils - Adding inlined properties to environment: {spring.jmx.enabled=false, org.springframework.boot.test.context.SpringBootTestContextBootstrapper=true}

  .   ____          _            __ _ _
 /\\ / ___'_ __ _ _(_)_ __  __ _ \ \ \ \
( ( )\___ | '_ | '_| | '_ \/ _` | \ \ \ \
 \\/  ___)| |_)| | | | | || (_| |  ) ) ) )
  '  |____| .__|_| |_|_| |_\__, | / / / /
 =========|_|==============|___/=/_/_/_/
 :: Spring Boot ::                (v2.5.5)

2021-10-20 16:34:59.070  INFO 6128 --- [    Test worker] test.ExamApplicationTests                : Starting ExamApplicationTests using Java 1.8.0_281 on lwy-NH50-70RA with PID 6128 (started by lwy in /home/lwy/下载/aaa/kaoshipingtai)
2021-10-20 16:34:59.072  INFO 6128 --- [    Test worker] test.ExamApplicationTests                : No active profile set, falling back to default profiles: default
2021-10-20 16:35:00.100  INFO 6128 --- [    Test worker] o.s.b.a.w.s.WelcomePageHandlerMapping    : Adding welcome page template: index
2021-10-20 16:35:00.363  INFO 6128 --- [    Test worker] test.ExamApplicationTests                : Started ExamApplicationTests in 1.501 seconds (JVM running for 2.248)
2021-10-20 16:35:00.497  INFO 6128 --- [    Test worker] com.zaxxer.hikari.HikariDataSource       : HikariPool-1 - Starting...
2021-10-20 16:35:00.863  INFO 6128 --- [    Test worker] com.zaxxer.hikari.HikariDataSource       : HikariPool-1 - Start completed.
]]></system-out>
  <system-err><![CDATA[]]></system-err>
</testsuite>
